<?xml version="1.0" encoding="UTF-8"?>
<!-- Generated by org.testng.reporters.JUnitReportReporter -->
<testsuite hostname="DESKTOP-2RDGO8O" name="com.testScripts_General.MakeMyTripJourney" tests="1" failures="0" timestamp="4 Sep 2019 12:07:57 GMT" time="86.525" errors="0">
  <testcase name="f" time="86.525" classname="com.testScripts_General.MakeMyTripJourney"/>
</testsuite> <!-- com.testScripts_General.MakeMyTripJourney -->
