<?xml version="1.0" encoding="UTF-8"?>
<!-- Generated by org.testng.reporters.JUnitReportReporter -->
<testsuite hostname="DESKTOP-2RDGO8O" name="com.testScripts_General.MakeMyTripJourney" tests="1" failures="0" timestamp="4 Sep 2019 13:05:36 GMT" time="112.437" errors="0">
  <testcase name="f" time="112.437" classname="com.testScripts_General.MakeMyTripJourney"/>
</testsuite> <!-- com.testScripts_General.MakeMyTripJourney -->
